0 info it worked if it ends with ok
1 verbose cli [ '/Users/morganheck/.nvm/versions/node/v5.7.1/bin/node',
1 verbose cli   '/Users/morganheck/.nvm/versions/node/v5.7.1/bin/npm',
1 verbose cli   'start' ]
2 info using npm@3.8.0
3 info using node@v5.7.1
4 verbose run-script [ 'prestart', 'start', 'poststart' ]
5 info lifecycle socket.io-chat@0.0.0~prestart: socket.io-chat@0.0.0
6 silly lifecycle socket.io-chat@0.0.0~prestart: no script for prestart, continuing
7 info lifecycle socket.io-chat@0.0.0~start: socket.io-chat@0.0.0
8 verbose lifecycle socket.io-chat@0.0.0~start: unsafe-perm in lifecycle true
9 verbose lifecycle socket.io-chat@0.0.0~start: PATH: /Users/morganheck/.nvm/versions/node/v5.7.1/lib/node_modules/npm/bin/node-gyp-bin:/Users/morganheck/socketChat/node_modules/.bin:/Users/morganheck/.nvm/versions/node/v5.7.1/bin:/Users/morganheck/Downloads/google-cloud-sdk/bin:/Users/morganheck/.rvm/gems/ruby-2.3.0/bin:/Users/morganheck/.rvm/gems/ruby-2.3.0@global/bin:/Users/morganheck/.rvm/rubies/ruby-2.3.0/bin:/Users/morganheck/.nvm/versions/node/v5.7.1/bin:/Users/morganheck/.dnx/runtimes/dnx-mono.1.0.0-rc1-update2/bin:/Users/morganheck/.dnx/bin:/Users/morganheck/Downloads/google_appengine:/Users/morganheck/Downloads/google-cloud-sdk/bin:/usr/local/bin:/usr/bin:/bin:/usr/sbin:/sbin:/Users/morganheck/.rvm/bin
10 verbose lifecycle socket.io-chat@0.0.0~start: CWD: /Users/morganheck/socketChat
11 silly lifecycle socket.io-chat@0.0.0~start: Args: [ '-c', 'node index.js' ]
12 silly lifecycle socket.io-chat@0.0.0~start: Returned: code: 1  signal: null
13 info lifecycle socket.io-chat@0.0.0~start: Failed to exec start script
14 verbose stack Error: socket.io-chat@0.0.0 start: `node index.js`
14 verbose stack Exit status 1
14 verbose stack     at EventEmitter.<anonymous> (/Users/morganheck/.nvm/versions/node/v5.7.1/lib/node_modules/npm/lib/utils/lifecycle.js:239:16)
14 verbose stack     at emitTwo (events.js:100:13)
14 verbose stack     at EventEmitter.emit (events.js:185:7)
14 verbose stack     at ChildProcess.<anonymous> (/Users/morganheck/.nvm/versions/node/v5.7.1/lib/node_modules/npm/lib/utils/spawn.js:24:14)
14 verbose stack     at emitTwo (events.js:100:13)
14 verbose stack     at ChildProcess.emit (events.js:185:7)
14 verbose stack     at maybeClose (internal/child_process.js:827:16)
14 verbose stack     at Process.ChildProcess._handle.onexit (internal/child_process.js:211:5)
15 verbose pkgid socket.io-chat@0.0.0
16 verbose cwd /Users/morganheck/socketChat
17 error Darwin 15.5.0
18 error argv "/Users/morganheck/.nvm/versions/node/v5.7.1/bin/node" "/Users/morganheck/.nvm/versions/node/v5.7.1/bin/npm" "start"
19 error node v5.7.1
20 error npm  v3.8.0
21 error code ELIFECYCLE
22 error socket.io-chat@0.0.0 start: `node index.js`
22 error Exit status 1
23 error Failed at the socket.io-chat@0.0.0 start script 'node index.js'.
23 error Make sure you have the latest version of node.js and npm installed.
23 error If you do, this is most likely a problem with the socket.io-chat package,
23 error not with npm itself.
23 error Tell the author that this fails on your system:
23 error     node index.js
23 error You can get information on how to open an issue for this project with:
23 error     npm bugs socket.io-chat
23 error Or if that isn't available, you can get their info via:
23 error     npm owner ls socket.io-chat
23 error There is likely additional logging output above.
24 verbose exit [ 1, true ]
